
<2015-07-24 02:33:44> [2782] Send Data [len = 81]
0x000000 [ 00 4f 30 30 30 30 30 30 30 30 4a 45 58 38 30 31 ] [.O00000000JEX801]
0x000001 [ 36 31 37 34 34 31 35 31 33 41 32 46 31 33 35 41 ] [617441513A2F135A]
0x000002 [ 42 31 34 45 41 41 44 31 30 36 39 44 46 78 61 31 ] [B14EAAD1069DFxa1]
0x000003 [ 30 32 32 31 31 33 34 36 35 37 35 36 38 34 32 36 ] [0221134657568426]
0x000004 [ 34 39 39 30 31 31 32 33 34 35 36 37 38 39 30 31 ] [4990112345678901]
0x000005 [ 32                                              ] [2               ]

<2015-07-24 02:33:44> [2782] Receive Data [len = 14]
0x000000 [ 00 0c 30 30 30 30 30 30 30 30 4a 46 32 33       ] [..00000000JF23  ]

<2015-07-24 02:33:44> [2782] Send Data [len = 126]
0x000000 [ 00 7c 30 30 30 30 30 30 30 30 53 48 30 30 30 30 ] [.|00000000SH0000]
0x000001 [ 30 58 38 30 31 36 31 37 34 34 31 35 31 33 41 32 ] [0X801617441513A2]
0x000002 [ 46 31 33 35 41 42 31 34 45 41 41 44 31 30 36 39 ] [F135AB14EAAD1069]
0x000003 [ 44 46 30 30 30 30 30 30 30 58 38 30 31 36 31 37 ] [DF0000000X801617]
0x000004 [ 34 34 31 35 31 33 41 32 46 31 33 35 41 42 31 34 ] [441513A2F135AB14]
0x000005 [ 45 41 41 44 31 30 36 39 44 46 30 31 30 30 30 30 ] [EAAD1069DF010000]
0x000006 [ 30 30 30 30 30 30 30 30 30 30 30 30 30 30 30 30 ] [0000000000000000]
0x000007 [ 30 30 30 30 30 30 30 30 30 30 30 30 30 30       ] [00000000000000  ]

<2015-07-24 02:33:44> [2782] Receive Data [len = 66]
0x000000 [ 00 40 30 30 30 30 30 30 30 30 53 49 30 30 30 30 ] [.@00000000SI0000]
0x000001 [ 31 30 32 32 33 31 33 44 44 35 41 38 41 33 36 37 ] [1022313DD5A8A367]
0x000002 [ 32 36 32 32 33 31 33 44 44 35 41 38 41 33 36 37 ] [2622313DD5A8A367]
0x000003 [ 32 36 34 31 33 42 42 46 41 45 44 34 35 43 43 45 ] [26413BBFAED45CCE]
0x000004 [ 37 35                                           ] [75              ]

<2015-07-24 02:33:44> [2782] Send Data [len = 81]
0x000000 [ 00 4f 30 30 30 30 30 30 30 30 41 36 30 30 30 58 ] [.O00000000A6000X]
0x000001 [ 38 30 31 36 31 37 34 34 31 35 31 33 41 32 46 31 ] [801617441513A2F1]
0x000002 [ 33 35 41 42 31 34 45 41 41 44 31 30 36 39 44 46 ] [35AB14EAAD1069DF]
0x000003 [ 32 32 33 31 33 44 44 35 41 38 41 33 36 37 32 36 ] [22313DD5A8A36726]
0x000004 [ 32 32 33 31 33 44 44 35 41 38 41 33 36 37 32 36 ] [22313DD5A8A36726]
0x000005 [ 58                                              ] [X               ]

<2015-07-24 02:33:44> [2782] Receive Data [len = 14]
0x000000 [ 00 0c 30 30 30 30 30 30 30 30 41 37 32 36       ] [..00000000A726  ]

<2015-07-24 02:35:19> [2793] Send Data [len = 81]
0x000000 [ 00 4f 30 30 30 30 30 30 30 30 4a 45 58 38 30 31 ] [.O00000000JEX801]
0x000001 [ 36 31 37 34 34 31 35 31 33 41 32 46 31 33 35 41 ] [617441513A2F135A]
0x000002 [ 42 31 34 45 41 41 44 31 30 36 39 44 46 78 61 31 ] [B14EAAD1069DFxa1]
0x000003 [ 30 32 32 31 31 33 34 36 35 37 35 36 38 34 32 36 ] [0221134657568426]
0x000004 [ 34 39 39 30 31 31 32 33 34 35 36 37 38 39 30 31 ] [4990112345678901]
0x000005 [ 32                                              ] [2               ]

<2015-07-24 02:35:19> [2793] Receive Data [len = 14]
0x000000 [ 00 0c 30 30 30 30 30 30 30 30 4a 46 32 33       ] [..00000000JF23  ]

<2015-07-24 02:35:19> [2793] Send Data [len = 126]
0x000000 [ 00 7c 30 30 30 30 30 30 30 30 53 48 30 30 30 30 ] [.|00000000SH0000]
0x000001 [ 30 58 38 30 31 36 31 37 34 34 31 35 31 33 41 32 ] [0X801617441513A2]
0x000002 [ 46 31 33 35 41 42 31 34 45 41 41 44 31 30 36 39 ] [F135AB14EAAD1069]
0x000003 [ 44 46 30 30 30 30 30 30 30 58 38 30 31 36 31 37 ] [DF0000000X801617]
0x000004 [ 34 34 31 35 31 33 41 32 46 31 33 35 41 42 31 34 ] [441513A2F135AB14]
0x000005 [ 45 41 41 44 31 30 36 39 44 46 30 31 30 30 30 30 ] [EAAD1069DF010000]
0x000006 [ 30 30 30 30 30 30 30 30 30 30 30 30 30 30 30 30 ] [0000000000000000]
0x000007 [ 30 30 30 30 30 30 30 30 30 30 30 30 30 30       ] [00000000000000  ]

<2015-07-24 02:35:19> [2793] Receive Data [len = 66]
0x000000 [ 00 40 30 30 30 30 30 30 30 30 53 49 30 30 30 30 ] [.@00000000SI0000]
0x000001 [ 31 30 32 32 33 31 33 44 44 35 41 38 41 33 36 37 ] [1022313DD5A8A367]
0x000002 [ 32 36 32 32 33 31 33 44 44 35 41 38 41 33 36 37 ] [2622313DD5A8A367]
0x000003 [ 32 36 34 31 33 42 42 46 41 45 44 34 35 43 43 45 ] [26413BBFAED45CCE]
0x000004 [ 37 35                                           ] [75              ]

<2015-07-24 02:35:19> [2793] Send Data [len = 81]
0x000000 [ 00 4f 30 30 30 30 30 30 30 30 41 36 30 30 30 58 ] [.O00000000A6000X]
0x000001 [ 38 30 31 36 31 37 34 34 31 35 31 33 41 32 46 31 ] [801617441513A2F1]
0x000002 [ 33 35 41 42 31 34 45 41 41 44 31 30 36 39 44 46 ] [35AB14EAAD1069DF]
0x000003 [ 32 32 33 31 33 44 44 35 41 38 41 33 36 37 32 36 ] [22313DD5A8A36726]
0x000004 [ 32 32 33 31 33 44 44 35 41 38 41 33 36 37 32 36 ] [22313DD5A8A36726]
0x000005 [ 58                                              ] [X               ]

<2015-07-24 02:35:19> [2793] Receive Data [len = 14]
0x000000 [ 00 0c 30 30 30 30 30 30 30 30 41 37 32 36       ] [..00000000A726  ]

<2015-07-24 02:39:02> [2848] Send Data [len = 81]
0x000000 [ 00 4f 30 30 30 30 30 30 30 30 4a 45 58 38 30 31 ] [.O00000000JEX801]
0x000001 [ 36 31 37 34 34 31 35 31 33 41 32 46 31 33 35 41 ] [617441513A2F135A]
0x000002 [ 42 31 34 45 41 41 44 31 30 36 39 44 46 78 61 31 ] [B14EAAD1069DFxa1]
0x000003 [ 30 32 32 31 31 33 34 36 35 37 35 36 38 34 32 36 ] [0221134657568426]
0x000004 [ 34 39 39 30 31 31 32 33 34 35 36 37 38 39 30 31 ] [4990112345678901]
0x000005 [ 32                                              ] [2               ]

<2015-07-24 02:39:02> [2848] Receive Data [len = 14]
0x000000 [ 00 0c 30 30 30 30 30 30 30 30 4a 46 32 33       ] [..00000000JF23  ]

<2015-07-24 02:39:02> [2848] Send Data [len = 126]
0x000000 [ 00 7c 30 30 30 30 30 30 30 30 53 48 30 30 30 30 ] [.|00000000SH0000]
0x000001 [ 30 58 38 30 31 36 31 37 34 34 31 35 31 33 41 32 ] [0X801617441513A2]
0x000002 [ 46 31 33 35 41 42 31 34 45 41 41 44 31 30 36 39 ] [F135AB14EAAD1069]
0x000003 [ 44 46 30 30 30 30 30 30 30 58 38 30 31 36 31 37 ] [DF0000000X801617]
0x000004 [ 34 34 31 35 31 33 41 32 46 31 33 35 41 42 31 34 ] [441513A2F135AB14]
0x000005 [ 45 41 41 44 31 30 36 39 44 46 30 31 30 30 30 30 ] [EAAD1069DF010000]
0x000006 [ 30 30 30 30 30 30 30 30 30 30 30 30 30 30 30 30 ] [0000000000000000]
0x000007 [ 30 30 30 30 30 30 30 30 30 30 30 30 30 30       ] [00000000000000  ]

<2015-07-24 02:39:02> [2848] Receive Data [len = 66]
0x000000 [ 00 40 30 30 30 30 30 30 30 30 53 49 30 30 30 30 ] [.@00000000SI0000]
0x000001 [ 31 30 32 32 33 31 33 44 44 35 41 38 41 33 36 37 ] [1022313DD5A8A367]
0x000002 [ 32 36 32 32 33 31 33 44 44 35 41 38 41 33 36 37 ] [2622313DD5A8A367]
0x000003 [ 32 36 34 31 33 42 42 46 41 45 44 34 35 43 43 45 ] [26413BBFAED45CCE]
0x000004 [ 37 35                                           ] [75              ]

<2015-07-24 02:39:02> [2848] Send Data [len = 81]
0x000000 [ 00 4f 30 30 30 30 30 30 30 30 41 36 30 30 30 58 ] [.O00000000A6000X]
0x000001 [ 38 30 31 36 31 37 34 34 31 35 31 33 41 32 46 31 ] [801617441513A2F1]
0x000002 [ 33 35 41 42 31 34 45 41 41 44 31 30 36 39 44 46 ] [35AB14EAAD1069DF]
0x000003 [ 32 32 33 31 33 44 44 35 41 38 41 33 36 37 32 36 ] [22313DD5A8A36726]
0x000004 [ 32 32 33 31 33 44 44 35 41 38 41 33 36 37 32 36 ] [22313DD5A8A36726]
0x000005 [ 58                                              ] [X               ]

<2015-07-24 02:39:02> [2848] Receive Data [len = 14]
0x000000 [ 00 0c 30 30 30 30 30 30 30 30 41 37 32 36       ] [..00000000A726  ]

<2015-07-24 02:39:24> [2858] Send Data [len = 81]
0x000000 [ 00 4f 30 30 30 30 30 30 30 30 4a 45 58 38 30 31 ] [.O00000000JEX801]
0x000001 [ 36 31 37 34 34 31 35 31 33 41 32 46 31 33 35 41 ] [617441513A2F135A]
0x000002 [ 42 31 34 45 41 41 44 31 30 36 39 44 46 78 61 31 ] [B14EAAD1069DFxa1]
0x000003 [ 30 32 32 31 31 33 34 36 35 37 35 36 38 34 32 36 ] [0221134657568426]
0x000004 [ 34 39 39 30 31 31 32 33 34 35 36 37 38 39 30 31 ] [4990112345678901]
0x000005 [ 32                                              ] [2               ]

<2015-07-24 02:39:24> [2858] Receive Data [len = 14]
0x000000 [ 00 0c 30 30 30 30 30 30 30 30 4a 46 32 33       ] [..00000000JF23  ]

<2015-07-24 02:39:24> [2858] Send Data [len = 126]
0x000000 [ 00 7c 30 30 30 30 30 30 30 30 53 48 30 30 30 30 ] [.|00000000SH0000]
0x000001 [ 30 58 38 30 31 36 31 37 34 34 31 35 31 33 41 32 ] [0X801617441513A2]
0x000002 [ 46 31 33 35 41 42 31 34 45 41 41 44 31 30 36 39 ] [F135AB14EAAD1069]
0x000003 [ 44 46 30 30 30 30 30 30 30 58 38 30 31 36 31 37 ] [DF0000000X801617]
0x000004 [ 34 34 31 35 31 33 41 32 46 31 33 35 41 42 31 34 ] [441513A2F135AB14]
0x000005 [ 45 41 41 44 31 30 36 39 44 46 30 31 30 30 30 30 ] [EAAD1069DF010000]
0x000006 [ 30 30 30 30 30 30 30 30 30 30 30 30 30 30 30 30 ] [0000000000000000]
0x000007 [ 30 30 30 30 30 30 30 30 30 30 30 30 30 30       ] [00000000000000  ]

<2015-07-24 02:39:24> [2858] Receive Data [len = 66]
0x000000 [ 00 40 30 30 30 30 30 30 30 30 53 49 30 30 30 30 ] [.@00000000SI0000]
0x000001 [ 31 30 32 32 33 31 33 44 44 35 41 38 41 33 36 37 ] [1022313DD5A8A367]
0x000002 [ 32 36 32 32 33 31 33 44 44 35 41 38 41 33 36 37 ] [2622313DD5A8A367]
0x000003 [ 32 36 34 31 33 42 42 46 41 45 44 34 35 43 43 45 ] [26413BBFAED45CCE]
0x000004 [ 37 35                                           ] [75              ]

<2015-07-24 02:39:24> [2858] Send Data [len = 81]
0x000000 [ 00 4f 30 30 30 30 30 30 30 30 41 36 30 30 30 58 ] [.O00000000A6000X]
0x000001 [ 38 30 31 36 31 37 34 34 31 35 31 33 41 32 46 31 ] [801617441513A2F1]
0x000002 [ 33 35 41 42 31 34 45 41 41 44 31 30 36 39 44 46 ] [35AB14EAAD1069DF]
0x000003 [ 32 32 33 31 33 44 44 35 41 38 41 33 36 37 32 36 ] [22313DD5A8A36726]
0x000004 [ 32 32 33 31 33 44 44 35 41 38 41 33 36 37 32 36 ] [22313DD5A8A36726]
0x000005 [ 58                                              ] [X               ]

<2015-07-24 02:39:24> [2858] Receive Data [len = 14]
0x000000 [ 00 0c 30 30 30 30 30 30 30 30 41 37 32 36       ] [..00000000A726  ]

<2015-07-24 02:44:23> [2906] Send Data [len = 81]
0x000000 [ 00 4f 30 30 30 30 30 30 30 30 4a 45 58 38 30 31 ] [.O00000000JEX801]
0x000001 [ 36 31 37 34 34 31 35 31 33 41 32 46 31 33 35 41 ] [617441513A2F135A]
0x000002 [ 42 31 34 45 41 41 44 31 30 36 39 44 46 78 61 31 ] [B14EAAD1069DFxa1]
0x000003 [ 30 32 32 31 31 33 34 36 35 37 35 36 38 34 32 36 ] [0221134657568426]
0x000004 [ 34 39 39 30 31 31 32 33 34 35 36 37 38 39 30 31 ] [4990112345678901]
0x000005 [ 32                                              ] [2               ]

<2015-07-24 02:44:23> [2906] Receive Data [len = 14]
0x000000 [ 00 0c 30 30 30 30 30 30 30 30 4a 46 32 33       ] [..00000000JF23  ]

<2015-07-24 02:44:23> [2906] Send Data [len = 49]
0x000000 [ 00 2f 30 30 30 30 30 30 30 30 41 36 30 30 30 58 ] [./00000000A6000X]
0x000001 [ 38 30 31 36 31 37 34 34 31 35 31 33 41 32 46 31 ] [801617441513A2F1]
0x000002 [ 33 35 41 42 31 34 45 41 41 44 31 30 36 39 44 46 ] [35AB14EAAD1069DF]
0x000003 [ 58                                              ] [X               ]

<2015-07-24 02:44:23> [2906] Receive Data [len = 14]
0x000000 [ 00 0c 30 30 30 30 30 30 30 30 41 37 31 35       ] [..00000000A715  ]

<2015-07-24 02:46:45> [2952] Send Data [len = 81]
0x000000 [ 00 4f 30 30 30 30 30 30 30 30 4a 45 58 38 30 31 ] [.O00000000JEX801]
0x000001 [ 36 31 37 34 34 31 35 31 33 41 32 46 31 33 35 41 ] [617441513A2F135A]
0x000002 [ 42 31 34 45 41 41 44 31 30 36 39 44 46 78 61 31 ] [B14EAAD1069DFxa1]
0x000003 [ 30 32 32 31 31 33 34 36 35 37 35 36 38 34 32 36 ] [0221134657568426]
0x000004 [ 34 39 39 30 31 31 32 33 34 35 36 37 38 39 30 31 ] [4990112345678901]
0x000005 [ 32                                              ] [2               ]

<2015-07-24 02:46:45> [2952] Receive Data [len = 14]
0x000000 [ 00 0c 30 30 30 30 30 30 30 30 4a 46 32 33       ] [..00000000JF23  ]

<2015-07-24 02:46:45> [2952] Send Data [len = 126]
0x000000 [ 00 7c 30 30 30 30 30 30 30 30 53 48 30 30 30 30 ] [.|00000000SH0000]
0x000001 [ 30 58 38 30 31 36 31 37 34 34 31 35 31 33 41 32 ] [0X801617441513A2]
0x000002 [ 46 31 33 35 41 42 31 34 45 41 41 44 31 30 36 39 ] [F135AB14EAAD1069]
0x000003 [ 44 46 30 30 30 30 30 30 30 58 38 30 31 36 31 37 ] [DF0000000X801617]
0x000004 [ 34 34 31 35 31 33 41 32 46 31 33 35 41 42 31 34 ] [441513A2F135AB14]
0x000005 [ 45 41 41 44 31 30 36 39 44 46 30 31 30 30 30 30 ] [EAAD1069DF010000]
0x000006 [ 30 30 30 30 30 30 30 30 30 30 30 30 30 30 30 30 ] [0000000000000000]
0x000007 [ 30 30 30 30 30 30 30 30 30 30 30 30 30 30       ] [00000000000000  ]

<2015-07-24 02:46:45> [2952] Receive Data [len = 66]
0x000000 [ 00 40 30 30 30 30 30 30 30 30 53 49 30 30 30 30 ] [.@00000000SI0000]
0x000001 [ 31 30 32 32 33 31 33 44 44 35 41 38 41 33 36 37 ] [1022313DD5A8A367]
0x000002 [ 32 36 32 32 33 31 33 44 44 35 41 38 41 33 36 37 ] [2622313DD5A8A367]
0x000003 [ 32 36 34 31 33 42 42 46 41 45 44 34 35 43 43 45 ] [26413BBFAED45CCE]
0x000004 [ 37 35                                           ] [75              ]

<2015-07-24 02:46:45> [2952] Send Data [len = 81]
0x000000 [ 00 4f 30 30 30 30 30 30 30 30 41 36 30 30 30 58 ] [.O00000000A6000X]
0x000001 [ 38 30 31 36 31 37 34 34 31 35 31 33 41 32 46 31 ] [801617441513A2F1]
0x000002 [ 33 35 41 42 31 34 45 41 41 44 31 30 36 39 44 46 ] [35AB14EAAD1069DF]
0x000003 [ 32 32 33 31 33 44 44 35 41 38 41 33 36 37 32 36 ] [22313DD5A8A36726]
0x000004 [ 32 32 33 31 33 44 44 35 41 38 41 33 36 37 32 36 ] [22313DD5A8A36726]
0x000005 [ 58                                              ] [X               ]

<2015-07-24 02:46:45> [2952] Receive Data [len = 14]
0x000000 [ 00 0c 30 30 30 30 30 30 30 30 41 37 32 36       ] [..00000000A726  ]

<2015-07-24 02:48:18> [2999] Send Data [len = 81]
0x000000 [ 00 4f 30 30 30 30 30 30 30 30 4a 45 58 38 30 31 ] [.O00000000JEX801]
0x000001 [ 36 31 37 34 34 31 35 31 33 41 32 46 31 33 35 41 ] [617441513A2F135A]
0x000002 [ 42 31 34 45 41 41 44 31 30 36 39 44 46 78 61 31 ] [B14EAAD1069DFxa1]
0x000003 [ 30 32 32 31 31 33 34 36 35 37 35 36 38 34 32 36 ] [0221134657568426]
0x000004 [ 34 39 39 30 31 31 32 33 34 35 36 37 38 39 30 31 ] [4990112345678901]
0x000005 [ 32                                              ] [2               ]

<2015-07-24 02:48:18> [2999] Receive Data [len = 14]
0x000000 [ 00 0c 30 30 30 30 30 30 30 30 4a 46 32 33       ] [..00000000JF23  ]

<2015-07-24 02:48:18> [2999] Send Data [len = 126]
0x000000 [ 00 7c 30 30 30 30 30 30 30 30 53 48 30 30 30 30 ] [.|00000000SH0000]
0x000001 [ 30 58 38 30 31 36 31 37 34 34 31 35 31 33 41 32 ] [0X801617441513A2]
0x000002 [ 46 31 33 35 41 42 31 34 45 41 41 44 31 30 36 39 ] [F135AB14EAAD1069]
0x000003 [ 44 46 30 30 30 30 30 30 30 58 38 30 31 36 31 37 ] [DF0000000X801617]
0x000004 [ 34 34 31 35 31 33 41 32 46 31 33 35 41 42 31 34 ] [441513A2F135AB14]
0x000005 [ 45 41 41 44 31 30 36 39 44 46 30 31 30 30 30 30 ] [EAAD1069DF010000]
0x000006 [ 30 30 30 30 30 30 30 30 30 30 30 30 30 30 30 30 ] [0000000000000000]
0x000007 [ 30 30 30 30 30 30 30 30 30 30 30 30 30 30       ] [00000000000000  ]

<2015-07-24 02:48:18> [2999] Receive Data [len = 66]
0x000000 [ 00 40 30 30 30 30 30 30 30 30 53 49 30 30 30 30 ] [.@00000000SI0000]
0x000001 [ 31 30 32 32 33 31 33 44 44 35 41 38 41 33 36 37 ] [1022313DD5A8A367]
0x000002 [ 32 36 32 32 33 31 33 44 44 35 41 38 41 33 36 37 ] [2622313DD5A8A367]
0x000003 [ 32 36 34 31 33 42 42 46 41 45 44 34 35 43 43 45 ] [26413BBFAED45CCE]
0x000004 [ 37 35                                           ] [75              ]

<2015-07-24 02:48:18> [2999] Send Data [len = 81]
0x000000 [ 00 4f 30 30 30 30 30 30 30 30 41 36 30 30 30 58 ] [.O00000000A6000X]
0x000001 [ 38 30 31 36 31 37 34 34 31 35 31 33 41 32 46 31 ] [801617441513A2F1]
0x000002 [ 33 35 41 42 31 34 45 41 41 44 31 30 36 39 44 46 ] [35AB14EAAD1069DF]
0x000003 [ 32 32 33 31 33 44 44 35 41 38 41 33 36 37 32 36 ] [22313DD5A8A36726]
0x000004 [ 32 32 33 31 33 44 44 35 41 38 41 33 36 37 32 36 ] [22313DD5A8A36726]
0x000005 [ 58                                              ] [X               ]

<2015-07-24 02:48:18> [2999] Receive Data [len = 14]
0x000000 [ 00 0c 30 30 30 30 30 30 30 30 41 37 32 36       ] [..00000000A726  ]

<2015-07-24 02:50:27> [3046] Send Data [len = 81]
0x000000 [ 00 4f 30 30 30 30 30 30 30 30 4a 45 58 38 30 31 ] [.O00000000JEX801]
0x000001 [ 36 31 37 34 34 31 35 31 33 41 32 46 31 33 35 41 ] [617441513A2F135A]
0x000002 [ 42 31 34 45 41 41 44 31 30 36 39 44 46 78 61 31 ] [B14EAAD1069DFxa1]
0x000003 [ 30 32 32 31 31 33 34 36 35 37 35 36 38 34 32 36 ] [0221134657568426]
0x000004 [ 34 39 39 30 31 31 32 33 34 35 36 37 38 39 30 31 ] [4990112345678901]
0x000005 [ 32                                              ] [2               ]

<2015-07-24 02:50:27> [3046] Receive Data [len = 14]
0x000000 [ 00 0c 30 30 30 30 30 30 30 30 4a 46 32 33       ] [..00000000JF23  ]

<2015-07-24 02:50:27> [3046] Send Data [len = 126]
0x000000 [ 00 7c 30 30 30 30 30 30 30 30 53 48 30 30 30 30 ] [.|00000000SH0000]
0x000001 [ 30 58 38 30 31 36 31 37 34 34 31 35 31 33 41 32 ] [0X801617441513A2]
0x000002 [ 46 31 33 35 41 42 31 34 45 41 41 44 31 30 36 39 ] [F135AB14EAAD1069]
0x000003 [ 44 46 30 30 30 30 30 30 30 58 38 30 31 36 31 37 ] [DF0000000X801617]
0x000004 [ 34 34 31 35 31 33 41 32 46 31 33 35 41 42 31 34 ] [441513A2F135AB14]
0x000005 [ 45 41 41 44 31 30 36 39 44 46 30 31 30 30 30 30 ] [EAAD1069DF010000]
0x000006 [ 30 30 30 30 30 30 30 30 30 30 30 30 30 30 30 30 ] [0000000000000000]
0x000007 [ 30 30 30 30 30 30 30 30 30 30 30 30 30 30       ] [00000000000000  ]

<2015-07-24 02:50:27> [3046] Receive Data [len = 66]
0x000000 [ 00 40 30 30 30 30 30 30 30 30 53 49 30 30 30 30 ] [.@00000000SI0000]
0x000001 [ 31 30 32 32 33 31 33 44 44 35 41 38 41 33 36 37 ] [1022313DD5A8A367]
0x000002 [ 32 36 32 32 33 31 33 44 44 35 41 38 41 33 36 37 ] [2622313DD5A8A367]
0x000003 [ 32 36 34 31 33 42 42 46 41 45 44 34 35 43 43 45 ] [26413BBFAED45CCE]
0x000004 [ 37 35                                           ] [75              ]

<2015-07-24 02:50:27> [3046] Send Data [len = 82]
0x000000 [ 00 50 30 30 30 30 30 30 30 30 41 36 30 30 30 58 ] [.P00000000A6000X]
0x000001 [ 38 30 31 36 31 37 34 34 31 35 31 33 41 32 46 31 ] [801617441513A2F1]
0x000002 [ 33 35 41 42 31 34 45 41 41 44 31 30 36 39 44 46 ] [35AB14EAAD1069DF]
0x000003 [ 58 38 30 31 36 31 37 34 34 31 35 31 33 41 32 46 ] [X801617441513A2F]
0x000004 [ 31 33 35 41 42 31 34 45 41 41 44 31 30 36 39 44 ] [135AB14EAAD1069D]
0x000005 [ 46 58                                           ] [FX              ]

<2015-07-24 02:50:27> [3046] Receive Data [len = 63]
0x000000 [ 00 3d 30 30 30 30 30 30 30 30 41 37 30 30 58 34 ] [.=00000000A700X4]
0x000001 [ 39 38 38 42 31 36 37 46 41 46 39 43 37 30 41 38 ] [988B167FAF9C70A8]
0x000002 [ 41 35 37 31 38 42 34 34 42 41 46 32 37 36 32 30 ] [A5718B44BAF27620]
0x000003 [ 45 38 30 41 31 43 35 36 36 37 32 39 41 46 42    ] [E80A1C566729AFB ]

<2015-07-24 02:51:35> [3092] Send Data [len = 81]
0x000000 [ 00 4f 30 30 30 30 30 30 30 30 4a 45 58 38 30 31 ] [.O00000000JEX801]
0x000001 [ 36 31 37 34 34 31 35 31 33 41 32 46 31 33 35 41 ] [617441513A2F135A]
0x000002 [ 42 31 34 45 41 41 44 31 30 36 39 44 46 78 61 31 ] [B14EAAD1069DFxa1]
0x000003 [ 30 32 32 31 31 33 34 36 35 37 35 36 38 34 32 36 ] [0221134657568426]
0x000004 [ 34 39 39 30 31 31 32 33 34 35 36 37 38 39 30 31 ] [4990112345678901]
0x000005 [ 32                                              ] [2               ]

<2015-07-24 02:51:35> [3092] Receive Data [len = 14]
0x000000 [ 00 0c 30 30 30 30 30 30 30 30 4a 46 32 33       ] [..00000000JF23  ]

<2015-07-24 02:51:35> [3092] Send Data [len = 126]
0x000000 [ 00 7c 30 30 30 30 30 30 30 30 53 48 30 30 30 30 ] [.|00000000SH0000]
0x000001 [ 30 58 38 30 31 36 31 37 34 34 31 35 31 33 41 32 ] [0X801617441513A2]
0x000002 [ 46 31 33 35 41 42 31 34 45 41 41 44 31 30 36 39 ] [F135AB14EAAD1069]
0x000003 [ 44 46 30 30 30 30 30 30 30 58 38 30 31 36 31 37 ] [DF0000000X801617]
0x000004 [ 34 34 31 35 31 33 41 32 46 31 33 35 41 42 31 34 ] [441513A2F135AB14]
0x000005 [ 45 41 41 44 31 30 36 39 44 46 30 31 30 30 30 30 ] [EAAD1069DF010000]
0x000006 [ 30 30 30 30 30 30 30 30 30 30 30 30 30 30 30 30 ] [0000000000000000]
0x000007 [ 30 30 30 30 30 30 30 30 30 30 30 30 30 30       ] [00000000000000  ]

<2015-07-24 02:51:35> [3092] Receive Data [len = 66]
0x000000 [ 00 40 30 30 30 30 30 30 30 30 53 49 30 30 30 30 ] [.@00000000SI0000]
0x000001 [ 31 30 32 32 33 31 33 44 44 35 41 38 41 33 36 37 ] [1022313DD5A8A367]
0x000002 [ 32 36 32 32 33 31 33 44 44 35 41 38 41 33 36 37 ] [2622313DD5A8A367]
0x000003 [ 32 36 34 31 33 42 42 46 41 45 44 34 35 43 43 45 ] [26413BBFAED45CCE]
0x000004 [ 37 35                                           ] [75              ]

<2015-07-24 02:51:35> [3092] Send Data [len = 82]
0x000000 [ 00 50 30 30 30 30 30 30 30 30 41 36 30 30 30 58 ] [.P00000000A6000X]
0x000001 [ 38 30 31 36 31 37 34 34 31 35 31 33 41 32 46 31 ] [801617441513A2F1]
0x000002 [ 33 35 41 42 31 34 45 41 41 44 31 30 36 39 44 46 ] [35AB14EAAD1069DF]
0x000003 [ 58 38 30 31 36 31 37 34 34 31 35 31 33 41 32 46 ] [X801617441513A2F]
0x000004 [ 31 33 35 41 42 31 34 45 41 41 44 31 30 36 39 44 ] [135AB14EAAD1069D]
0x000005 [ 46 58                                           ] [FX              ]

<2015-07-24 02:51:35> [3092] Receive Data [len = 63]
0x000000 [ 00 3d 30 30 30 30 30 30 30 30 41 37 30 30 58 34 ] [.=00000000A700X4]
0x000001 [ 39 38 38 42 31 36 37 46 41 46 39 43 37 30 41 38 ] [988B167FAF9C70A8]
0x000002 [ 41 35 37 31 38 42 34 34 42 41 46 32 37 36 32 30 ] [A5718B44BAF27620]
0x000003 [ 45 38 30 41 31 43 35 36 36 37 32 39 41 46 42    ] [E80A1C566729AFB ]

<2015-07-24 02:53:18> [3137] Send Data [len = 81]
0x000000 [ 00 4f 30 30 30 30 30 30 30 30 4a 45 58 38 30 31 ] [.O00000000JEX801]
0x000001 [ 36 31 37 34 34 31 35 31 33 41 32 46 31 33 35 41 ] [617441513A2F135A]
0x000002 [ 42 31 34 45 41 41 44 31 30 36 39 44 46 78 61 31 ] [B14EAAD1069DFxa1]
0x000003 [ 30 32 32 31 31 33 34 36 35 37 35 36 38 34 32 36 ] [0221134657568426]
0x000004 [ 34 39 39 30 31 31 32 33 34 35 36 37 38 39 30 31 ] [4990112345678901]
0x000005 [ 32                                              ] [2               ]

<2015-07-24 02:53:18> [3137] Receive Data [len = 14]
0x000000 [ 00 0c 30 30 30 30 30 30 30 30 4a 46 32 33       ] [..00000000JF23  ]

<2015-07-24 02:53:18> [3137] Send Data [len = 126]
0x000000 [ 00 7c 30 30 30 30 30 30 30 30 53 48 30 30 30 30 ] [.|00000000SH0000]
0x000001 [ 30 58 38 30 31 36 31 37 34 34 31 35 31 33 41 32 ] [0X801617441513A2]
0x000002 [ 46 31 33 35 41 42 31 34 45 41 41 44 31 30 36 39 ] [F135AB14EAAD1069]
0x000003 [ 44 46 30 30 30 30 30 30 30 58 38 30 31 36 31 37 ] [DF0000000X801617]
0x000004 [ 34 34 31 35 31 33 41 32 46 31 33 35 41 42 31 34 ] [441513A2F135AB14]
0x000005 [ 45 41 41 44 31 30 36 39 44 46 30 31 30 30 30 30 ] [EAAD1069DF010000]
0x000006 [ 30 30 30 30 30 30 30 30 30 30 30 30 30 30 30 30 ] [0000000000000000]
0x000007 [ 30 30 30 30 30 30 30 30 30 30 30 30 30 30       ] [00000000000000  ]

<2015-07-24 02:53:18> [3137] Receive Data [len = 66]
0x000000 [ 00 40 30 30 30 30 30 30 30 30 53 49 30 30 30 30 ] [.@00000000SI0000]
0x000001 [ 31 30 32 32 33 31 33 44 44 35 41 38 41 33 36 37 ] [1022313DD5A8A367]
0x000002 [ 32 36 32 32 33 31 33 44 44 35 41 38 41 33 36 37 ] [2622313DD5A8A367]
0x000003 [ 32 36 34 31 33 42 42 46 41 45 44 34 35 43 43 45 ] [26413BBFAED45CCE]
0x000004 [ 37 35                                           ] [75              ]

<2015-07-24 02:53:18> [3137] Send Data [len = 49]
0x000000 [ 00 2f 30 30 30 30 30 30 30 30 41 36 30 30 30 58 ] [./00000000A6000X]
0x000001 [ 38 30 31 36 31 37 34 34 31 35 31 33 41 32 46 31 ] [801617441513A2F1]
0x000002 [ 33 35 41 42 31 34 45 41 41 44 31 30 36 39 44 46 ] [35AB14EAAD1069DF]
0x000003 [ 58                                              ] [X               ]

<2015-07-24 02:53:18> [3137] Receive Data [len = 14]
0x000000 [ 00 0c 30 30 30 30 30 30 30 30 41 37 31 35       ] [..00000000A715  ]

<2015-07-24 02:54:35> [3183] Send Data [len = 81]
0x000000 [ 00 4f 30 30 30 30 30 30 30 30 4a 45 58 38 30 31 ] [.O00000000JEX801]
0x000001 [ 36 31 37 34 34 31 35 31 33 41 32 46 31 33 35 41 ] [617441513A2F135A]
0x000002 [ 42 31 34 45 41 41 44 31 30 36 39 44 46 78 61 31 ] [B14EAAD1069DFxa1]
0x000003 [ 30 32 32 31 31 33 34 36 35 37 35 36 38 34 32 36 ] [0221134657568426]
0x000004 [ 34 39 39 30 31 31 32 33 34 35 36 37 38 39 30 31 ] [4990112345678901]
0x000005 [ 32                                              ] [2               ]

<2015-07-24 02:54:35> [3183] Receive Data [len = 14]
0x000000 [ 00 0c 30 30 30 30 30 30 30 30 4a 46 32 33       ] [..00000000JF23  ]

<2015-07-24 02:54:35> [3183] Send Data [len = 126]
0x000000 [ 00 7c 30 30 30 30 30 30 30 30 53 48 30 30 30 30 ] [.|00000000SH0000]
0x000001 [ 30 58 38 30 31 36 31 37 34 34 31 35 31 33 41 32 ] [0X801617441513A2]
0x000002 [ 46 31 33 35 41 42 31 34 45 41 41 44 31 30 36 39 ] [F135AB14EAAD1069]
0x000003 [ 44 46 30 30 30 30 30 30 30 58 38 30 31 36 31 37 ] [DF0000000X801617]
0x000004 [ 34 34 31 35 31 33 41 32 46 31 33 35 41 42 31 34 ] [441513A2F135AB14]
0x000005 [ 45 41 41 44 31 30 36 39 44 46 30 31 30 30 30 30 ] [EAAD1069DF010000]
0x000006 [ 30 30 30 30 30 30 30 30 30 30 30 30 30 30 30 30 ] [0000000000000000]
0x000007 [ 30 30 30 30 30 30 30 30 30 30 30 30 30 30       ] [00000000000000  ]

<2015-07-24 02:54:35> [3183] Receive Data [len = 66]
0x000000 [ 00 40 30 30 30 30 30 30 30 30 53 49 30 30 30 30 ] [.@00000000SI0000]
0x000001 [ 31 30 32 32 33 31 33 44 44 35 41 38 41 33 36 37 ] [1022313DD5A8A367]
0x000002 [ 32 36 32 32 33 31 33 44 44 35 41 38 41 33 36 37 ] [2622313DD5A8A367]
0x000003 [ 32 36 34 31 33 42 42 46 41 45 44 34 35 43 43 45 ] [26413BBFAED45CCE]
0x000004 [ 37 35                                           ] [75              ]

<2015-07-24 02:54:35> [3183] Send Data [len = 82]
0x000000 [ 00 50 30 30 30 30 30 30 30 30 41 36 30 30 30 58 ] [.P00000000A6000X]
0x000001 [ 38 30 31 36 31 37 34 34 31 35 31 33 41 32 46 31 ] [801617441513A2F1]
0x000002 [ 33 35 41 42 31 34 45 41 41 44 31 30 36 39 44 46 ] [35AB14EAAD1069DF]
0x000003 [ 58 38 30 31 36 31 37 34 34 31 35 31 33 41 32 46 ] [X801617441513A2F]
0x000004 [ 31 33 35 41 42 31 34 45 41 41 44 31 30 36 39 44 ] [135AB14EAAD1069D]
0x000005 [ 46 58                                           ] [FX              ]

<2015-07-24 02:54:35> [3183] Receive Data [len = 63]
0x000000 [ 00 3d 30 30 30 30 30 30 30 30 41 37 30 30 58 34 ] [.=00000000A700X4]
0x000001 [ 39 38 38 42 31 36 37 46 41 46 39 43 37 30 41 38 ] [988B167FAF9C70A8]
0x000002 [ 41 35 37 31 38 42 34 34 42 41 46 32 37 36 32 30 ] [A5718B44BAF27620]
0x000003 [ 45 38 30 41 31 43 35 36 36 37 32 39 41 46 42    ] [E80A1C566729AFB ]
