
<2015-07-30 20:06:22> [5769] Send Data [len = 174]
0x000000 [ 00 ac 30 30 30 30 30 30 30 30 33 42 30 31 30 30 ] [..000000003B0100]
0x000001 [ 30 31 32 38 b0 7a 20 42 91 b7 75 9f 89 21 dd d2 ] [0128.z B..u..!..]
0x000002 [ dc 8c ee b2 d0 65 d3 d6 1c 34 36 24 5c 2f 3f 21 ] [.....e...46$\/?!]
0x000003 [ 41 b5 57 39 bc 86 a5 2d b2 46 3a b6 ce 18 a5 0e ] [A.W9...-.F:.....]
0x000004 [ 87 8f bc ac 2c b0 45 cd a3 25 aa be 9d 33 8d a5 ] [....,.E..%...3..]
0x000005 [ f9 70 8d f8 f5 70 1d e8 11 15 b7 7c 7f 98 71 02 ] [.p...p.....|..q.]
0x000006 [ 20 33 35 4d 7a 38 e0 af 56 49 31 d3 e1 7d 0c bd ] [ 35Mz8..VI1..}..]
0x000007 [ fe 4c 26 7d ed ff 3d 9e 06 bd 6a 24 75 44 cc 48 ] [.L&}..=...j$uD.H]
0x000008 [ 2a 84 97 97 3d 41 8d 5c 17 de cc 8b 9d c3 e7 23 ] [*...=A.\.......#]
0x000009 [ 49 8f e8 c7 3b 4b 39 39 39 39 30 30 31 36 80 16 ] [I...;K99990016..]
0x00000a [ 17 44 15 13 a2 f1 35 ab 14 ea ad 10 69 df       ] [.D....5.....i.  ]

<2015-07-30 20:06:22> [5769] Receive Data [len = 14]
0x000000 [ 00 0c 30 30 30 30 30 30 30 30 33 43 35 37       ] [..000000003C57  ]

<2015-07-31 00:08:18> [2511] Send Data [len = 174]
0x000000 [ 00 ac 30 30 30 30 30 30 30 30 33 42 30 31 30 30 ] [..000000003B0100]
0x000001 [ 30 31 32 38 b0 7a 20 42 91 b7 75 9f 89 21 dd d2 ] [0128.z B..u..!..]
0x000002 [ dc 8c ee b2 d0 65 d3 d6 1c 34 36 24 5c 2f 3f 21 ] [.....e...46$\/?!]
0x000003 [ 41 b5 57 39 bc 86 a5 2d b2 46 3a b6 ce 18 a5 0e ] [A.W9...-.F:.....]
0x000004 [ 87 8f bc ac 2c b0 45 cd a3 25 aa be 9d 33 8d a5 ] [....,.E..%...3..]
0x000005 [ f9 70 8d f8 f5 70 1d e8 11 15 b7 7c 7f 98 71 02 ] [.p...p.....|..q.]
0x000006 [ 20 33 35 4d 7a 38 e0 af 56 49 31 d3 e1 7d 0c bd ] [ 35Mz8..VI1..}..]
0x000007 [ fe 4c 26 7d ed ff 3d 9e 06 bd 6a 24 75 44 cc 48 ] [.L&}..=...j$uD.H]
0x000008 [ 2a 84 97 97 3d 41 8d 5c 17 de cc 8b 9d c3 e7 23 ] [*...=A.\.......#]
0x000009 [ 49 8f e8 c7 3b 4b 39 39 39 39 30 30 31 36 80 16 ] [I...;K99990016..]
0x00000a [ 17 44 15 13 a2 f1 35 ab 14 ea ad 10 69 df       ] [.D....5.....i.  ]

<2015-07-31 00:08:18> [2511] Receive Data [len = 14]
0x000000 [ 00 0c 30 30 30 30 30 30 30 30 33 43 35 37       ] [..000000003C57  ]

<2015-07-31 00:16:13> [2563] Send Data [len = 174]
0x000000 [ 00 ac 30 30 30 30 30 30 30 30 33 42 30 31 30 30 ] [..000000003B0100]
0x000001 [ 30 31 32 38 b0 7a 20 42 91 b7 75 9f 89 21 dd d2 ] [0128.z B..u..!..]
0x000002 [ dc 8c ee b2 d0 65 d3 d6 1c 34 36 24 5c 2f 3f 21 ] [.....e...46$\/?!]
0x000003 [ 41 b5 57 39 bc 86 a5 2d b2 46 3a b6 ce 18 a5 0e ] [A.W9...-.F:.....]
0x000004 [ 87 8f bc ac 2c b0 45 cd a3 25 aa be 9d 33 8d a5 ] [....,.E..%...3..]
0x000005 [ f9 70 8d f8 f5 70 1d e8 11 15 b7 7c 7f 98 71 02 ] [.p...p.....|..q.]
0x000006 [ 20 33 35 4d 7a 38 e0 af 56 49 31 d3 e1 7d 0c bd ] [ 35Mz8..VI1..}..]
0x000007 [ fe 4c 26 7d ed ff 3d 9e 06 bd 6a 24 75 44 cc 48 ] [.L&}..=...j$uD.H]
0x000008 [ 2a 84 97 97 3d 41 8d 5c 17 de cc 8b 9d c3 e7 23 ] [*...=A.\.......#]
0x000009 [ 49 8f e8 c7 3b 4b 39 39 39 39 30 30 31 36 80 16 ] [I...;K99990016..]
0x00000a [ 17 44 15 13 a2 f1 35 ab 14 ea ad 10 69 df       ] [.D....5.....i.  ]

<2015-07-31 00:16:13> [2563] Receive Data [len = 14]
0x000000 [ 00 0c 30 30 30 30 30 30 30 30 33 43 35 37       ] [..000000003C57  ]

<2015-07-31 00:22:09> [2641] Send Data [len = 174]
0x000000 [ 00 ac 30 30 30 30 30 30 30 30 33 42 30 31 30 31 ] [..000000003B0101]
0x000001 [ 30 31 32 38 b0 7a 20 42 91 b7 75 9f 89 21 dd d2 ] [0128.z B..u..!..]
0x000002 [ dc 8c ee b2 d0 65 d3 d6 1c 34 36 24 5c 2f 3f 21 ] [.....e...46$\/?!]
0x000003 [ 41 b5 57 39 bc 86 a5 2d b2 46 3a b6 ce 18 a5 0e ] [A.W9...-.F:.....]
0x000004 [ 87 8f bc ac 2c b0 45 cd a3 25 aa be 9d 33 8d a5 ] [....,.E..%...3..]
0x000005 [ f9 70 8d f8 f5 70 1d e8 11 15 b7 7c 7f 98 71 02 ] [.p...p.....|..q.]
0x000006 [ 20 33 35 4d 7a 38 e0 af 56 49 31 d3 e1 7d 0c bd ] [ 35Mz8..VI1..}..]
0x000007 [ fe 4c 26 7d ed ff 3d 9e 06 bd 6a 24 75 44 cc 48 ] [.L&}..=...j$uD.H]
0x000008 [ 2a 84 97 97 3d 41 8d 5c 17 de cc 8b 9d c3 e7 23 ] [*...=A.\.......#]
0x000009 [ 49 8f e8 c7 3b 4b 39 39 39 39 30 30 31 36 80 16 ] [I...;K99990016..]
0x00000a [ 17 44 15 13 a2 f1 35 ab 14 ea ad 10 69 df       ] [.D....5.....i.  ]

<2015-07-31 00:22:09> [2641] Receive Data [len = 14]
0x000000 [ 00 0c 30 30 30 30 30 30 30 30 33 43 35 37       ] [..000000003C57  ]

<2015-07-31 00:33:25> [2711] Send Data [len = 249]
0x000000 [ 00 f7 30 30 30 30 30 30 30 30 33 42 30 31 30 30 ] [..000000003B0100]
0x000001 [ 30 31 32 38 c2 e6 86 b0 80 f6 7e 76 c7 49 b8 fb ] [0128......~v.I..]
0x000002 [ 5d 69 bd 30 52 75 bf 43 f7 00 27 a1 61 ad 65 1e ] []i.0Ru.C..'.a.e.]
0x000003 [ 66 99 77 85 f2 4f 6e 1b 6f 71 a0 c2 b0 d0 36 27 ] [f.w..On.oq....6']
0x000004 [ af 0e e8 ad 6c a8 b8 94 98 00 eb 28 a4 4d 4e a7 ] [....l......(.MN.]
0x000005 [ ed 0b cb 70 0c 2e 68 6b 08 0f 67 e7 6c 74 9b 8f ] [...p..hk..g.lt..]
0x000006 [ b5 d6 9b d3 05 27 5b f4 3f 70 02 7a 16 1a d6 51 ] [.....'[.?p.z...Q]
0x000007 [ e6 69 97 78 5f 24 f6 e1 b6 f7 1a 0c 2b 0d 03 62 ] [.i.x_$......+..b]
0x000008 [ 7a f0 ee 8a d6 ca 8b 89 49 80 0e b2 8a 44 d4 ea ] [z.......I....D..]
0x000009 [ 7e d0 bc b7 3b 4b 39 39 39 39 30 30 39 31 30 59 ] [~...;K999900910Y]
0x00000a [ 30 13 06 07 2a 86 48 ce 3d 02 01 06 08 2a 81 1c ] [0...*.H.=....*..]
0x00000b [ cf 55 01 82 2d 03 42 00 04 22 fc 92 e6 64 8c 45 ] [.U..-.B.."...d.E]
0x00000c [ ff 63 d9 ab 23 26 1a 5b 34 f8 a2 02 3a 0a 5e 45 ] [.c..#&.[4...:.^E]
0x00000d [ 68 c7 0d d7 7b b2 24 b9 e0 51 51 91 60 a8 38 fa ] [h...{.$..QQ.`.8.]
0x00000e [ 15 4b 27 8d c1 27 7d fe d9 40 69 a9 b6 95 0e da ] [.K'..'}..@i.....]
0x00000f [ d1 b7 c9 87 25 3e 38 51 28                      ] [....%>8Q(       ]

<2015-07-31 00:33:25> [2711] Receive Data [len = 14]
0x000000 [ 00 0c 30 30 30 30 30 30 30 30 33 43 35 37       ] [..000000003C57  ]

<2015-07-31 00:34:19> [2721] Send Data [len = 173]
0x000000 [ 00 ab 30 30 30 30 30 30 30 30 45 34 30 37 30 30 ] [..00000000E40700]
0x000001 [ 31 32 38 c2 e6 86 b0 80 f6 7e 76 c7 49 b8 fb 5d ] [128......~v.I..]]
0x000002 [ 69 bd 30 52 75 bf 43 f7 00 27 a1 61 ad 65 1e 66 ] [i.0Ru.C..'.a.e.f]
0x000003 [ 99 77 85 f2 4f 6e 1b 6f 71 a0 c2 b0 d0 36 27 af ] [.w..On.oq....6'.]
0x000004 [ 0e e8 ad 6c a8 b8 94 98 00 eb 28 a4 4d 4e a7 ed ] [...l......(.MN..]
0x000005 [ 0b cb 70 0c 2e 68 6b 08 0f 67 e7 6c 74 9b 8f b5 ] [..p..hk..g.lt...]
0x000006 [ d6 9b d3 05 27 5b f4 3f 70 02 7a 16 1a d6 51 e6 ] [....'[.?p.z...Q.]
0x000007 [ 69 97 78 5f 24 f6 e1 b6 f7 1a 0c 2b 0d 03 62 7a ] [i.x_$......+..bz]
0x000008 [ f0 ee 8a d6 ca 8b 89 49 80 0e b2 8a 44 d4 ea 7e ] [.......I....D..~]
0x000009 [ d0 bc b7 3b 4b 39 39 39 39 30 30 31 36 80 16 17 ] [...;K99990016...]
0x00000a [ 44 15 13 a2 f1 35 ab 14 ea ad 10 69 df          ] [D....5.....i.   ]

<2015-07-31 00:34:19> [2721] Receive Data [len = 14]
0x000000 [ 00 0c 30 30 30 30 30 30 30 30 45 35 35 37       ] [..00000000E557  ]

<2015-07-31 00:57:23> [2785] Send Data [len = 167]
0x000000 [ 00 a5 30 30 30 30 30 30 30 30 45 34 30 37 30 30 ] [..00000000E40700]
0x000001 [ 31 32 32 04 2a 3b 6b 52 f6 2b 02 ae da e2 da 02 ] [122.*;kR.+......]
0x000002 [ 8b d3 6f 90 e0 dd f0 92 a4 72 2a 0e 76 90 13 72 ] [..o......r*.v..r]
0x000003 [ eb 8d 9f 93 63 23 40 c7 06 12 5c b2 73 31 b1 63 ] [....c#@...\.s1.c]
0x000004 [ f5 78 78 3f cf 6b ba 8a d9 d6 8d a9 0e e2 d0 56 ] [.xx?.k.........V]
0x000005 [ 58 ef 80 53 d5 fd 6f 1a 23 b1 b1 d8 cf bd ae f9 ] [X..S..o.#.......]
0x000006 [ c5 b9 f9 e1 3b 86 02 36 41 94 13 5f 17 9d 4e b6 ] [....;..6A.._..N.]
0x000007 [ 64 5a a7 0f fc 34 a3 74 03 18 20 0c ba 9c da 83 ] [dZ...4.t.. .....]
0x000008 [ c0 98 87 9a 06 df dc c1 ba 89 62 dd 0d 3b 4b 39 ] [..........b..;K9]
0x000009 [ 39 39 39 30 30 31 36 80 16 17 44 15 13 a2 f1 35 ] [9990016...D....5]
0x00000a [ ab 14 ea ad 10 69 df                            ] [.....i.         ]

<2015-07-31 00:57:23> [2785] Receive Data [len = 14]
0x000000 [ 00 0c 30 30 30 30 30 30 30 30 45 35 35 37       ] [..00000000E557  ]

<2015-07-31 00:59:02> [2797] Send Data [len = 167]
0x000000 [ 00 a5 30 30 30 30 30 30 30 30 45 34 30 37 30 30 ] [..00000000E40700]
0x000001 [ 31 32 32 04 2a 3b 6b 52 f6 2b 02 ae da e2 da 02 ] [122.*;kR.+......]
0x000002 [ 8b d3 6f 90 e0 dd f0 92 a4 72 2a 0e 76 90 13 72 ] [..o......r*.v..r]
0x000003 [ eb 8d 9f 93 63 23 40 c7 06 12 5c b2 73 31 b1 63 ] [....c#@...\.s1.c]
0x000004 [ f5 78 78 3f cf 6b ba 8a d9 d6 8d a9 0e e2 d0 56 ] [.xx?.k.........V]
0x000005 [ 58 ef 80 53 d5 fd 6f 1a 23 b1 b1 d8 cf bd ae f9 ] [X..S..o.#.......]
0x000006 [ c5 b9 f9 e1 3b 86 02 36 41 94 13 5f 17 9d 4e b6 ] [....;..6A.._..N.]
0x000007 [ 64 5a a7 0f fc 34 a3 74 03 18 20 0c ba 9c da 83 ] [dZ...4.t.. .....]
0x000008 [ c0 98 87 9a 06 df dc c1 ba 89 62 dd 0d 3b 4b 39 ] [..........b..;K9]
0x000009 [ 39 39 39 30 30 31 36 80 16 17 44 15 13 a2 f1 35 ] [9990016...D....5]
0x00000a [ ab 14 ea ad 10 69 df                            ] [.....i.         ]

<2015-07-31 00:59:02> [2797] Receive Data [len = 14]
0x000000 [ 00 0c 30 30 30 30 30 30 30 30 45 35 35 37       ] [..00000000E557  ]

<2015-07-31 01:46:37> [2879] Send Data [len = 167]
0x000000 [ 00 a5 30 30 30 30 30 30 30 30 45 34 30 37 30 30 ] [..00000000E40700]
0x000001 [ 31 32 32 04 2a 3b 6b 52 f6 2b 02 ae da e2 da 02 ] [122.*;kR.+......]
0x000002 [ 8b d3 6f 90 e0 dd f0 92 a4 72 2a 0e 76 90 13 72 ] [..o......r*.v..r]
0x000003 [ eb 8d 9f 93 63 23 40 c7 06 12 5c b2 73 31 b1 63 ] [....c#@...\.s1.c]
0x000004 [ f5 78 78 3f cf 6b ba 8a d9 d6 8d a9 0e e2 d0 56 ] [.xx?.k.........V]
0x000005 [ 58 ef 80 53 d5 fd 6f 1a 23 b1 b1 d8 cf bd ae f9 ] [X..S..o.#.......]
0x000006 [ c5 b9 f9 e1 3b 86 02 36 41 94 13 5f 17 9d 4e b6 ] [....;..6A.._..N.]
0x000007 [ 64 5a a7 0f fc 34 a3 74 03 18 20 0c ba 9c da 83 ] [dZ...4.t.. .....]
0x000008 [ c0 98 87 9a 06 df dc c1 ba 89 62 dd 0d 3b 4b 39 ] [..........b..;K9]
0x000009 [ 39 39 39 30 30 31 36 80 16 17 44 15 13 a2 f1 35 ] [9990016...D....5]
0x00000a [ ab 14 ea ad 10 69 df                            ] [.....i.         ]

<2015-07-31 01:46:37> [2879] Receive Data [len = 14]
0x000000 [ 00 0c 30 30 30 30 30 30 30 30 45 35 35 37       ] [..00000000E557  ]

<2015-07-31 01:50:57> [2888] Send Data [len = 167]
0x000000 [ 00 a5 30 30 30 30 30 30 30 30 45 34 30 37 30 30 ] [..00000000E40700]
0x000001 [ 31 32 32 04 2a 3b 6b 52 f6 2b 02 ae da e2 da 02 ] [122.*;kR.+......]
0x000002 [ 8b d3 6f 90 e0 dd f0 92 a4 72 2a 0e 76 90 13 72 ] [..o......r*.v..r]
0x000003 [ eb 8d 9f 93 63 23 40 c7 06 12 5c b2 73 31 b1 63 ] [....c#@...\.s1.c]
0x000004 [ f5 78 78 3f cf 6b ba 8a d9 d6 8d a9 0e e2 d0 56 ] [.xx?.k.........V]
0x000005 [ 58 ef 80 53 d5 fd 6f 1a 23 b1 b1 d8 cf bd ae f9 ] [X..S..o.#.......]
0x000006 [ c5 b9 f9 e1 3b 86 02 36 41 94 13 5f 17 9d 4e b6 ] [....;..6A.._..N.]
0x000007 [ 64 5a a7 0f fc 34 a3 74 03 18 20 0c ba 9c da 83 ] [dZ...4.t.. .....]
0x000008 [ c0 98 87 9a 06 df dc c1 ba 89 62 dd 0d 3b 4b 39 ] [..........b..;K9]
0x000009 [ 39 39 39 30 30 31 36 80 16 17 44 15 13 a2 f1 35 ] [9990016...D....5]
0x00000a [ ab 14 ea ad 10 69 df                            ] [.....i.         ]

<2015-07-31 01:50:57> [2888] Receive Data [len = 14]
0x000000 [ 00 0c 30 30 30 30 30 30 30 30 45 35 35 37       ] [..00000000E557  ]

<2015-07-31 01:53:42> [2901] Send Data [len = 167]
0x000000 [ 00 a5 30 30 30 30 30 30 30 30 45 34 30 37 30 30 ] [..00000000E40700]
0x000001 [ 31 32 32 04 2a 3b 6b 52 f6 2b 02 ae da e2 da 02 ] [122.*;kR.+......]
0x000002 [ 8b d3 6f 90 e0 dd f0 92 a4 72 2a 0e 76 90 13 72 ] [..o......r*.v..r]
0x000003 [ eb 8d 9f 93 63 23 40 c7 06 12 5c b2 73 31 b1 63 ] [....c#@...\.s1.c]
0x000004 [ f5 78 78 3f cf 6b ba 8a d9 d6 8d a9 0e e2 d0 56 ] [.xx?.k.........V]
0x000005 [ 58 ef 80 53 d5 fd 6f 1a 23 b1 b1 d8 cf bd ae f9 ] [X..S..o.#.......]
0x000006 [ c5 b9 f9 e1 3b 86 02 36 41 94 13 5f 17 9d 4e b6 ] [....;..6A.._..N.]
0x000007 [ 64 5a a7 0f fc 34 a3 74 03 18 20 0c ba 9c da 83 ] [dZ...4.t.. .....]
0x000008 [ c0 98 87 9a 06 df dc c1 ba 89 62 dd 0d 3b 4b 39 ] [..........b..;K9]
0x000009 [ 39 39 39 30 30 31 36 80 16 17 44 15 13 a2 f1 35 ] [9990016...D....5]
0x00000a [ ab 14 ea ad 10 69 df                            ] [.....i.         ]

<2015-07-31 01:53:42> [2901] Receive Data [len = 14]
0x000000 [ 00 0c 30 30 30 30 30 30 30 30 45 35 35 37       ] [..00000000E557  ]

<2015-07-31 01:56:53> [2948] Send Data [len = 76]
0x000000 [ 00 4a 30 30 30 30 30 30 30 30 53 33 30 32 30 30 ] [.J00000000S30200]
0x000001 [ 30 58 38 30 31 36 31 37 34 34 31 35 31 33 41 32 ] [0X801617441513A2]
0x000002 [ 46 31 33 35 41 42 31 34 45 41 41 44 31 30 36 39 ] [F135AB14EAAD1069]
0x000003 [ 44 46 30 30 30 30 30 30 30 30 31 30 80 16 17 44 ] [DF0000000010...D]
0x000004 [ 15 13 a2 f1 35 ab 14 ea ad 10 69 df             ] [....5.....i.    ]

<2015-07-31 01:56:53> [2948] Receive Data [len = 14]
0x000000 [ 00 0c 30 30 30 30 30 30 30 30 53 34 31 35       ] [..00000000S415  ]

<2015-07-31 01:56:53> [2948] Send Data [len = 76]
0x000000 [ 00 4a 30 30 30 30 30 30 30 30 53 33 30 31 30 30 ] [.J00000000S30100]
0x000001 [ 30 58 38 30 31 36 31 37 34 34 31 35 31 33 41 32 ] [0X801617441513A2]
0x000002 [ 46 31 33 35 41 42 31 34 45 41 41 44 31 30 36 39 ] [F135AB14EAAD1069]
0x000003 [ 44 46 30 30 30 30 30 30 30 30 30 30 30 30 30 30 ] [DF00000000000000]
0x000004 [ 30 30 30 30 30 30 30 30 30 30 30 30             ] [000000000000    ]

<2015-07-31 01:56:53> [2948] Receive Data [len = 26]
0x000000 [ 00 18 30 30 30 30 30 30 30 30 53 34 30 30 30 30 ] [..00000000S40000]
0x000001 [ 30 38 dc 53 42 dc 20 12 49 57                   ] [08.SB. .IW      ]

<2015-07-31 01:56:53> [2948] Send Data [len = 167]
0x000000 [ 00 a5 30 30 30 30 30 30 30 30 45 34 30 37 30 30 ] [..00000000E40700]
0x000001 [ 31 32 32 04 2a 3b 6b 52 f6 2b 02 ae da e2 da 02 ] [122.*;kR.+......]
0x000002 [ 8b d3 6f 90 e0 dd f0 92 a4 72 2a 0e 76 90 13 72 ] [..o......r*.v..r]
0x000003 [ eb 8d 9f 93 63 23 40 c7 06 12 5c b2 73 31 b1 63 ] [....c#@...\.s1.c]
0x000004 [ f5 78 78 3f cf 6b ba 8a d9 d6 8d a9 0e e2 d0 56 ] [.xx?.k.........V]
0x000005 [ 58 ef 80 53 d5 fd 6f 1a 23 b1 b1 d8 cf bd ae f9 ] [X..S..o.#.......]
0x000006 [ c5 b9 f9 e1 3b 86 02 36 41 94 13 5f 17 9d 4e b6 ] [....;..6A.._..N.]
0x000007 [ 64 5a a7 0f fc 34 a3 74 03 18 20 0c ba 9c da 83 ] [dZ...4.t.. .....]
0x000008 [ c0 98 87 9a 06 df dc c1 ba 89 62 dd 0d 3b 4b 39 ] [..........b..;K9]
0x000009 [ 39 39 39 30 30 31 36 80 16 17 44 15 13 a2 f1 35 ] [9990016...D....5]
0x00000a [ ab 14 ea ad 10 69 df                            ] [.....i.         ]

<2015-07-31 01:56:53> [2948] Receive Data [len = 14]
0x000000 [ 00 0c 30 30 30 30 30 30 30 30 45 35 35 37       ] [..00000000E557  ]

<2015-07-31 02:00:40> [2996] Send Data [len = 76]
0x000000 [ 00 4a 30 30 30 30 30 30 30 30 53 33 30 32 30 30 ] [.J00000000S30200]
0x000001 [ 30 58 38 30 31 36 31 37 34 34 31 35 31 33 41 32 ] [0X801617441513A2]
0x000002 [ 46 31 33 35 41 42 31 34 45 41 41 44 31 30 36 39 ] [F135AB14EAAD1069]
0x000003 [ 44 46 30 30 30 30 30 30 30 30 31 30 80 16 17 44 ] [DF0000000010...D]
0x000004 [ 15 13 a2 f1 35 ab 14 ea ad 10 69 df             ] [....5.....i.    ]

<2015-07-31 02:00:40> [2996] Receive Data [len = 14]
0x000000 [ 00 0c 30 30 30 30 30 30 30 30 53 34 31 35       ] [..00000000S415  ]

<2015-07-31 02:00:40> [2996] Send Data [len = 76]
0x000000 [ 00 4a 30 30 30 30 30 30 30 30 53 33 30 31 30 30 ] [.J00000000S30100]
0x000001 [ 30 58 38 30 31 36 31 37 34 34 31 35 31 33 41 32 ] [0X801617441513A2]
0x000002 [ 46 31 33 35 41 42 31 34 45 41 41 44 31 30 36 39 ] [F135AB14EAAD1069]
0x000003 [ 44 46 30 30 30 30 30 30 30 30 30 30 30 30 30 30 ] [DF00000000000000]
0x000004 [ 30 30 30 30 30 30 30 30 30 30 30 30             ] [000000000000    ]

<2015-07-31 02:00:40> [2996] Receive Data [len = 26]
0x000000 [ 00 18 30 30 30 30 30 30 30 30 53 34 30 30 30 30 ] [..00000000S40000]
0x000001 [ 30 38 dc 53 42 dc 20 12 49 57                   ] [08.SB. .IW      ]

<2015-07-31 02:00:40> [2996] Send Data [len = 167]
0x000000 [ 00 a5 30 30 30 30 30 30 30 30 45 34 30 37 30 30 ] [..00000000E40700]
0x000001 [ 31 32 32 04 2a 3b 6b 52 f6 2b 02 ae da e2 da 02 ] [122.*;kR.+......]
0x000002 [ 8b d3 6f 90 e0 dd f0 92 a4 72 2a 0e 76 90 13 72 ] [..o......r*.v..r]
0x000003 [ eb 8d 9f 93 63 23 40 c7 06 12 5c b2 73 31 b1 63 ] [....c#@...\.s1.c]
0x000004 [ f5 78 78 3f cf 6b ba 8a d9 d6 8d a9 0e e2 d0 56 ] [.xx?.k.........V]
0x000005 [ 58 ef 80 53 d5 fd 6f 1a 23 b1 b1 d8 cf bd ae f9 ] [X..S..o.#.......]
0x000006 [ c5 b9 f9 e1 3b 86 02 36 41 94 13 5f 17 9d 4e b6 ] [....;..6A.._..N.]
0x000007 [ 64 5a a7 0f fc 34 a3 74 03 18 20 0c ba 9c da 83 ] [dZ...4.t.. .....]
0x000008 [ c0 98 87 9a 06 df dc c1 ba 89 62 dd 0d 3b 4b 39 ] [..........b..;K9]
0x000009 [ 39 39 39 30 30 31 36 80 16 17 44 15 13 a2 f1 35 ] [9990016...D....5]
0x00000a [ ab 14 ea ad 10 69 df                            ] [.....i.         ]

<2015-07-31 02:00:40> [2996] Receive Data [len = 14]
0x000000 [ 00 0c 30 30 30 30 30 30 30 30 45 35 35 37       ] [..00000000E557  ]

<2015-07-31 02:01:32> [3028] Send Data [len = 92]
0x000000 [ 00 5a 30 30 30 30 30 30 30 30 53 33 30 31 30 30 ] [.Z00000000S30100]
0x000001 [ 30 58 38 30 31 36 31 37 34 34 31 35 31 33 41 32 ] [0X801617441513A2]
0x000002 [ 46 31 33 35 41 42 31 34 45 41 41 44 31 30 36 39 ] [F135AB14EAAD1069]
0x000003 [ 44 46 30 30 30 30 30 30 30 30 31 30 80 16 17 44 ] [DF0000000010...D]
0x000004 [ 15 13 a2 f1 35 ab 14 ea ad 10 69 df 30 30 30 30 ] [....5.....i.0000]
0x000005 [ 30 30 30 30 30 30 30 30 30 30 30 30             ] [000000000000    ]

<2015-07-31 02:01:32> [3028] Receive Data [len = 34]
0x000000 [ 00 20 30 30 30 30 30 30 30 30 53 34 30 30 30 30 ] [. 00000000S40000]
0x000001 [ 31 30 f6 fe 73 03 f1 fc 6c 7d 90 d3 8f e5 ad a4 ] [10..s...l}......]
0x000002 [ c4 dc                                           ] [..              ]

<2015-07-31 02:01:32> [3028] Send Data [len = 92]
0x000000 [ 00 5a 30 30 30 30 30 30 30 30 53 33 30 31 30 30 ] [.Z00000000S30100]
0x000001 [ 30 58 38 30 31 36 31 37 34 34 31 35 31 33 41 32 ] [0X801617441513A2]
0x000002 [ 46 31 33 35 41 42 31 34 45 41 41 44 31 30 36 39 ] [F135AB14EAAD1069]
0x000003 [ 44 46 30 30 30 30 30 30 30 30 31 30 f6 fe 73 03 ] [DF0000000010..s.]
0x000004 [ f1 fc 6c 7d 90 d3 8f e5 ad a4 c4 dc 30 30 30 30 ] [..l}........0000]
0x000005 [ 30 30 30 30 30 30 30 30 30 30 30 30             ] [000000000000    ]

<2015-07-31 02:01:32> [3028] Receive Data [len = 34]
0x000000 [ 00 20 30 30 30 30 30 30 30 30 53 34 30 30 30 30 ] [. 00000000S40000]
0x000001 [ 31 30 61 39 ba 77 f2 61 52 af 60 59 0b 32 44 83 ] [10a9.w.aR.`Y.2D.]
0x000002 [ cd 37                                           ] [.7              ]

<2015-07-31 02:01:32> [3028] Send Data [len = 167]
0x000000 [ 00 a5 30 30 30 30 30 30 30 30 45 34 30 37 30 30 ] [..00000000E40700]
0x000001 [ 31 32 32 04 2a 3b 6b 52 f6 2b 02 ae da e2 da 02 ] [122.*;kR.+......]
0x000002 [ 8b d3 6f 90 e0 dd f0 92 a4 72 2a 0e 76 90 13 72 ] [..o......r*.v..r]
0x000003 [ eb 8d 9f 93 63 23 40 c7 06 12 5c b2 73 31 b1 63 ] [....c#@...\.s1.c]
0x000004 [ f5 78 78 3f cf 6b ba 8a d9 d6 8d a9 0e e2 d0 56 ] [.xx?.k.........V]
0x000005 [ 58 ef 80 53 d5 fd 6f 1a 23 b1 b1 d8 cf bd ae f9 ] [X..S..o.#.......]
0x000006 [ c5 b9 f9 e1 3b 86 02 36 41 94 13 5f 17 9d 4e b6 ] [....;..6A.._..N.]
0x000007 [ 64 5a a7 0f fc 34 a3 74 03 18 20 0c ba 9c da 83 ] [dZ...4.t.. .....]
0x000008 [ c0 98 87 9a 06 df dc c1 ba 89 62 dd 0d 3b 4b 39 ] [..........b..;K9]
0x000009 [ 39 39 39 30 30 31 36 80 16 17 44 15 13 a2 f1 35 ] [9990016...D....5]
0x00000a [ ab 14 ea ad 10 69 df                            ] [.....i.         ]

<2015-07-31 02:01:32> [3028] Receive Data [len = 14]
0x000000 [ 00 0c 30 30 30 30 30 30 30 30 45 35 35 37       ] [..00000000E557  ]

<2015-07-31 02:02:49> [3038] Send Data [len = 92]
0x000000 [ 00 5a 30 30 30 30 30 30 30 30 53 33 30 31 30 30 ] [.Z00000000S30100]
0x000001 [ 30 58 38 30 31 36 31 37 34 34 31 35 31 33 41 32 ] [0X801617441513A2]
0x000002 [ 46 31 33 35 41 42 31 34 45 41 41 44 31 30 36 39 ] [F135AB14EAAD1069]
0x000003 [ 44 46 30 30 30 30 30 30 30 30 31 30 80 16 17 44 ] [DF0000000010...D]
0x000004 [ 15 13 a2 f1 35 ab 14 ea ad 10 69 df 30 30 30 30 ] [....5.....i.0000]
0x000005 [ 30 30 30 30 30 30 30 30 30 30 30 30             ] [000000000000    ]

<2015-07-31 02:02:49> [3038] Receive Data [len = 34]
0x000000 [ 00 20 30 30 30 30 30 30 30 30 53 34 30 30 30 30 ] [. 00000000S40000]
0x000001 [ 31 30 f6 fe 73 03 f1 fc 6c 7d 90 d3 8f e5 ad a4 ] [10..s...l}......]
0x000002 [ c4 dc                                           ] [..              ]

<2015-07-31 02:02:49> [3038] Send Data [len = 92]
0x000000 [ 00 5a 30 30 30 30 30 30 30 30 53 33 30 31 30 30 ] [.Z00000000S30100]
0x000001 [ 30 58 38 30 31 36 31 37 34 34 31 35 31 33 41 32 ] [0X801617441513A2]
0x000002 [ 46 31 33 35 41 42 31 34 45 41 41 44 31 30 36 39 ] [F135AB14EAAD1069]
0x000003 [ 44 46 30 30 30 30 30 30 30 30 31 30 f6 fe 73 03 ] [DF0000000010..s.]
0x000004 [ f1 fc 6c 7d 90 d3 8f e5 ad a4 c4 dc 30 30 30 30 ] [..l}........0000]
0x000005 [ 30 30 30 30 30 30 30 30 30 30 30 30             ] [000000000000    ]

<2015-07-31 02:02:49> [3038] Receive Data [len = 34]
0x000000 [ 00 20 30 30 30 30 30 30 30 30 53 34 30 30 30 30 ] [. 00000000S40000]
0x000001 [ 31 30 61 39 ba 77 f2 61 52 af 60 59 0b 32 44 83 ] [10a9.w.aR.`Y.2D.]
0x000002 [ cd 37                                           ] [.7              ]

<2015-07-31 02:02:49> [3038] Send Data [len = 167]
0x000000 [ 00 a5 30 30 30 30 30 30 30 30 45 34 30 37 30 30 ] [..00000000E40700]
0x000001 [ 31 32 32 04 2a 3b 6b 52 f6 2b 02 ae da e2 da 02 ] [122.*;kR.+......]
0x000002 [ 8b d3 6f 90 e0 dd f0 92 a4 72 2a 0e 76 90 13 72 ] [..o......r*.v..r]
0x000003 [ eb 8d 9f 93 63 23 40 c7 06 12 5c b2 73 31 b1 63 ] [....c#@...\.s1.c]
0x000004 [ f5 78 78 3f cf 6b ba 8a d9 d6 8d a9 0e e2 d0 56 ] [.xx?.k.........V]
0x000005 [ 58 ef 80 53 d5 fd 6f 1a 23 b1 b1 d8 cf bd ae f9 ] [X..S..o.#.......]
0x000006 [ c5 b9 f9 e1 3b 86 02 36 41 94 13 5f 17 9d 4e b6 ] [....;..6A.._..N.]
0x000007 [ 64 5a a7 0f fc 34 a3 74 03 18 20 0c ba 9c da 83 ] [dZ...4.t.. .....]
0x000008 [ c0 98 87 9a 06 df dc c1 ba 89 62 dd 0d 3b 4b 39 ] [..........b..;K9]
0x000009 [ 39 39 39 30 30 31 36 80 16 17 44 15 13 a2 f1 35 ] [9990016...D....5]
0x00000a [ ab 14 ea ad 10 69 df                            ] [.....i.         ]

<2015-07-31 02:02:49> [3038] Receive Data [len = 14]
0x000000 [ 00 0c 30 30 30 30 30 30 30 30 45 35 35 37       ] [..00000000E557  ]
